#
# There is insufficient memory for the Java Runtime Environment to continue.
# Native memory allocation (malloc) failed to allocate 1048576 bytes for AllocateHeap
# Possible reasons:
#   The system is out of physical RAM or swap space
#   In 32 bit mode, the process size limit was hit
# Possible solutions:
#   Reduce memory load on the system
#   Increase physical memory or swap space
#   Check if swap backing store is full
#   Use 64 bit Java on a 64 bit OS
#   Decrease Java heap size (-Xmx/-Xms)
#   Decrease number of Java threads
#   Decrease Java thread stack sizes (-Xss)
#   Set larger code cache with -XX:ReservedCodeCacheSize=
# This output file may be truncated or incomplete.
#
#  Out of Memory Error (memory/allocation.inline.hpp:61), pid=5492, tid=0x0000000000001380
#
# JRE version:  (8.0_101-b13) (build )
# Java VM: Java HotSpot(TM) 64-Bit Server VM (25.101-b13 mixed mode windows-amd64 compressed oops)
# Failed to write core dump. Minidumps are not enabled by default on client versions of Windows
#

---------------  T H R E A D  ---------------

Current thread (0x0000000002be3000):  JavaThread "Unknown thread" [_thread_in_vm, id=4992, stack(0x0000000002ae0000,0x0000000002be0000)]

Stack: [0x0000000002ae0000,0x0000000002be0000]
[error occurred during error reporting (printing stack bounds), id 0xc0000005]

Native frames: (J=compiled Java code, j=interpreted, Vv=VM code, C=native code)


---------------  P R O C E S S  ---------------

Java Threads: ( => current thread )

Other Threads:

=>0x0000000002be3000 (exited) JavaThread "Unknown thread" [_thread_in_vm, id=4992, stack(0x0000000002ae0000,0x0000000002be0000)]

VM state:not at safepoint (normal execution)

VM Mutex/Monitor currently owned by a thread: None

Heap:
 PSYoungGen      total 2048K, used 30K [0x000000078b400000, 0x000000078b680000, 0x00000007c0000000)
  eden space 1536K, 2% used [0x000000078b400000,0x000000078b407af0,0x000000078b580000)
  from space 512K, 0% used [0x000000078b600000,0x000000078b600000,0x000000078b680000)
  to   space 512K, 0% used [0x000000078b580000,0x000000078b580000,0x000000078b600000)
 ParOldGen       total 5632K, used 0K [0x0000000721c00000, 0x0000000722180000, 0x000000078b400000)
  object space 5632K, 0% used [0x0000000721c00000,0x0000000721c00000,0x0000000722180000)
 Metaspace       used 769K, capacity 4480K, committed 4480K, reserved 1056768K
  class space    used 75K, capacity 384K, committed 384K, reserved 1048576K

Card table byte_map: [0x00000000120a0000,0x00000000125a0000] byte_map_base: 0x000000000e792000

Marking Bits: (ParMarkBitMap*) 0x0000000050c1a6d0
 Begin Bits: [0x00000000130f0000, 0x0000000015880000)
 End Bits:   [0x0000000015880000, 0x0000000018010000)

Polling page: 0x0000000001280000

CodeCache: size=245760Kb used=327Kb max_used=327Kb free=245432Kb
 bounds [0x0000000002ce0000, 0x0000000002f50000, 0x0000000011ce0000]
 total_blobs=57 nmethods=0 adapters=38
 compilation: enabled

Compilation events (0 events):
No events

GC Heap History (0 events):
No events

Deoptimization events (0 events):
No events

Internal exceptions (0 events):
No events

Events (10 events):
Event: 0.025 loading class java/lang/Short
Event: 0.025 loading class java/lang/Short done
Event: 0.025 loading class java/lang/Integer
Event: 0.025 loading class java/lang/Integer done
Event: 0.025 loading class java/lang/Long
Event: 0.025 loading class java/lang/Long done
Event: 0.026 loading class java/lang/NullPointerException
Event: 0.026 loading class java/lang/NullPointerException done
Event: 0.026 loading class java/lang/ArithmeticException
Event: 0.026 loading class java/lang/ArithmeticException done


Dynamic libraries:
0x00007ff779ad0000 - 0x00007ff779ad7000 	C:\Program Files\Java\jdk1.8.0_101\bin\javac.exe
0x00007ff9b6810000 - 0x00007ff9b6a27000 	C:\WINDOWS\SYSTEM32\ntdll.dll
0x00007ff9b57f0000 - 0x00007ff9b58b4000 	C:\WINDOWS\System32\KERNEL32.DLL
0x00007ff9b41b0000 - 0x00007ff9b4555000 	C:\WINDOWS\System32\KERNELBASE.dll
0x0000000077e20000 - 0x0000000077ef2000 	C:\Program Files\Java\jdk1.8.0_101\bin\MSVCR100.dll
0x0000000077df0000 - 0x0000000077e1f000 	C:\Program Files\Java\jdk1.8.0_101\bin\jli.dll
0x00007ff9b4560000 - 0x00007ff9b4611000 	C:\WINDOWS\System32\ADVAPI32.dll
0x00007ff9b4620000 - 0x00007ff9b46c7000 	C:\WINDOWS\System32\msvcrt.dll
0x00007ff9b5bc0000 - 0x00007ff9b5c66000 	C:\WINDOWS\System32\sechost.dll
0x00007ff9b4ab0000 - 0x00007ff9b4bc7000 	C:\WINDOWS\System32\RPCRT4.dll
0x00007ff9b48c0000 - 0x00007ff9b4a6e000 	C:\WINDOWS\System32\USER32.dll
0x00007ff9b3e80000 - 0x00007ff9b3ea6000 	C:\WINDOWS\System32\win32u.dll
0x00007ff9a4330000 - 0x00007ff9a45c3000 	C:\WINDOWS\WinSxS\amd64_microsoft.windows.common-controls_6595b64144ccf1df_6.0.22621.2506_none_270c5ae97388e100\COMCTL32.dll
0x00007ff9b5760000 - 0x00007ff9b5789000 	C:\WINDOWS\System32\GDI32.dll
0x00007ff9b3c40000 - 0x00007ff9b3d59000 	C:\WINDOWS\System32\gdi32full.dll
0x00007ff9b3fa0000 - 0x00007ff9b403a000 	C:\WINDOWS\System32\msvcp_win.dll
0x00007ff9b3d60000 - 0x00007ff9b3e71000 	C:\WINDOWS\System32\ucrtbase.dll
0x00007ff9b4a70000 - 0x00007ff9b4aa1000 	C:\WINDOWS\System32\IMM32.DLL
0x0000000050320000 - 0x00000000503f2000 	C:\Program Files\Java\jdk1.8.0_101\jre\bin\msvcr100.dll
0x0000000050400000 - 0x0000000050c9a000 	C:\Program Files\Java\jdk1.8.0_101\jre\bin\server\jvm.dll
0x00007ff9b54b0000 - 0x00007ff9b54b8000 	C:\WINDOWS\System32\PSAPI.DLL
0x00007ff9ab170000 - 0x00007ff9ab1a4000 	C:\WINDOWS\SYSTEM32\WINMM.dll
0x00007ff9877c0000 - 0x00007ff9877c9000 	C:\WINDOWS\SYSTEM32\WSOCK32.dll
0x00007ff9aa8f0000 - 0x00007ff9aa8fa000 	C:\WINDOWS\SYSTEM32\VERSION.dll
0x00007ff9b5430000 - 0x00007ff9b54a1000 	C:\WINDOWS\System32\WS2_32.dll
0x00000000502d0000 - 0x00000000502df000 	C:\Program Files\Java\jdk1.8.0_101\jre\bin\verify.dll
0x00000000502a0000 - 0x00000000502c9000 	C:\Program Files\Java\jdk1.8.0_101\jre\bin\java.dll
0x0000000050280000 - 0x0000000050296000 	C:\Program Files\Java\jdk1.8.0_101\jre\bin\zip.dll

VM Arguments:
jvm_args: -Dapplication.home=C:\Program Files\Java\jdk1.8.0_101 -Xms8m 
java_command: com.sun.tools.javac.Main -d C:\Users\porra\Downloads\onoofSingle\ProyectoONOOF111\build\classes -classpath C:\Users\porra\Downloads\onoofSingle\ProyectoONOOF111\build\classes;C:\Users\porra\Downloads\AnalizadorLexico (2)\AnalizadorLexico\JFlex (1).jar;C:\Users\porra\Downloads\onoofSingle\ProyectoONOOF111\mysql-connector-java-8.0.14.jar;C:\Users\porra\Downloads\onoofSingle\ProyectoONOOF111\commons-logging-1.2.jar;C:\Users\porra\Downloads\onoofSingle\ProyectoONOOF111\fontbox-2.0.19.jar;C:\Users\porra\Downloads\onoofSingle\ProyectoONOOF111\pdfbox-2.0.19.jar;C:\Users\porra\Downloads\onoofSingle\ProyectoONOOF111\pdfbox-tools-2.0.19.jar;C:\Users\porra\Downloads\AbsoluteLayout.jar -sourcepath C:\Users\porra\Downloads\onoofSingle\ProyectoONOOF111\src -target 1.8 -encoding UTF-8 -g -processorpath C:\Users\porra\Downloads\AnalizadorLexico (2)\AnalizadorLexico\JFlex (1).jar;C:\Users\porra\Downloads\onoofSingle\ProyectoONOOF111\mysql-connector-java-8.0.14.jar;D:\Users\felip\Desktop\ProyectoPanaderia\mysql-connector-java-8.0.14.jar;C:\Users\evesu\Downloads\commons-logging-1.2.jar;C:\Users\evesu\Downloads\fontbox-2.0.19.jar;C:\Users\evesu\Downloads\pdfbox-2.0.19.jar;C:\Users\evesu\Downloads\pdfbox-tools-2.0.19.jar;D:\Escritorio\Final ISW\Ultimo\commons-logging-1.2.jar;D:\Escritorio\Final ISW\Ultimo\fontbox-2.0.19.jar;D:\Escritorio\Final ISW\Ultimo\pdfbox-2.0.19.jar;D:\Escritorio\Final ISW\Ultimo\pdfbox-tools-2.0.19.jar;C:\Users\areli\OneDrive\Escritorio\ITO\Enero-Junio 2023(6)\Ingenieria de software\ProyectoONOOF111\commons-logging-1.2.jar;C:\Users\areli\OneDrive\Escritorio\ITO\Enero-Junio 2023(6)\Ingenieria de software\ProyectoONOOF111\fontbox-2.0.19.jar;C:\Users\areli\OneDrive\Escritorio\ITO\Enero-Junio 2023(6)\Ingenieria de software\ProyectoONOOF111\pdfbox-2.0.19.jar;C:\Users\areli\OneDrive\Escritorio\ITO\Enero-Junio 2023(6)\Ingenieria de software\ProyectoONOOF111\pdfbox-tools-2.0.19.jar;C:\Users\porra\Downloads\onoofSingle\ProyectoONOOF111\commons-logging-1.2.
java_class_path (initial): C:\Program Files\Java\jdk1.8.0_101/lib/tools.jar;C:\Program Files\Java\jdk1.8.0_101/classes
Launcher Type: SUN_STANDARD

Environment Variables:
JAVA_HOME=C:\Program Files\Java\jdk-18.0.1.1
PATH=C:\Program Files (x86)\Common Files\Oracle\Java\javapath;C:\Program Files\Common Files\Oracle\Java\javapath;C:\WINDOWS\system32;C:\WINDOWS;C:\WINDOWS\System32\Wbem;C:\WINDOWS\System32\WindowsPowerShell\v1.0\;C:\WINDOWS\System32\OpenSSH\;C:\Program Files\dotnet\;C:\Program Files\Microsoft SQL Server\150\Tools\Binn\;C:\Program Files\Microsoft SQL Server\Client SDK\ODBC\170\Tools\Binn\;C:\Program Files\Microchip\xc8\v2.36\bin;C:\ProgramData\chocolatey\bin;C:\Program Files\swipl\bin;C:\Users\porra\AppData\Local\Programs\Python\Python311\Scripts\;C:\Users\porra\AppData\Local\Programs\Python\Python311\;C:\Program Files\MySQL\MySQL Shell 8.0\bin\;C:\Users\porra\AppData\Local\Microsoft\WindowsApps;C:\Users\porra\.dotnet\tools;C:\Users\porra\AppData\Local\Programs\Microsoft VS Code\bin;C:\ghcup\bin
USERNAME=porra
OS=Windows_NT
PROCESSOR_IDENTIFIER=AMD64 Family 23 Model 24 Stepping 1, AuthenticAMD



---------------  S Y S T E M  ---------------

OS: Windows 10.0 , 64 bit Build 22621 (10.0.22621.2506)

CPU:total 8 (8 cores per cpu, 1 threads per core) family 23 model 24 stepping 1, cmov, cx8, fxsr, mmx, sse, sse2, sse3, ssse3, sse4.1, sse4.2, popcnt, avx, avx2, aes, clmul, mmxext, 3dnowpref, lzcnt, sse4a, tsc, tscinvbit, tscinv, bmi1

Memory: 4k page, physical 10369292k(2794088k free), swap 16496292k(4780k free)

vm_info: Java HotSpot(TM) 64-Bit Server VM (25.101-b13) for windows-amd64 JRE (1.8.0_101-b13), built on Jun 22 2016 01:21:29 by "java_re" with MS VC++ 10.0 (VS2010)

time: Sun Dec 03 20:51:58 2023
elapsed time: 0 seconds (0d 0h 0m 0s)

